#
# There is insufficient memory for the Java Runtime Environment to continue.
# Native memory allocation (mmap) failed to map 264241152 bytes for G1 virtual space
# Possible reasons:
#   The system is out of physical RAM or swap space
#   The process is running with CompressedOops enabled, and the Java Heap may be blocking the growth of the native heap
# Possible solutions:
#   Reduce memory load on the system
#   Increase physical memory or swap space
#   Check if swap backing store is full
#   Decrease Java heap size (-Xmx/-Xms)
#   Decrease number of Java threads
#   Decrease Java thread stack sizes (-Xss)
#   Set larger code cache with -XX:ReservedCodeCacheSize=
#   JVM is running with Zero Based Compressed Oops mode in which the Java heap is
#     placed in the first 32GB address space. The Java Heap base address is the
#     maximum limit for the native heap growth. Please use -XX:HeapBaseMinAddress
#     to set the Java Heap base and to place the Java Heap above 32GB virtual address.
# This output file may be truncated or incomplete.
#
#  Out of Memory Error (os_windows.cpp:3769), pid=16616, tid=17780
#
# JRE version:  (17.0.6+1) (build )
# Java VM: OpenJDK 64-Bit Server VM (17.0.6+1-b653.34, mixed mode, sharing, tiered, compressed oops, compressed class ptrs, g1 gc, windows-amd64)
# No core dump will be written. Minidumps are not enabled by default on client versions of Windows
#

---------------  S U M M A R Y ------------

Command Line: git4idea.http.GitAskPassApp Username for 'https://github.com': 

Host: 11th Gen Intel(R) Core(TM) i5-1135G7 @ 2.40GHz, 8 cores, 15G,  Windows 10 , 64 bit Build 19041 (10.0.19041.1706)
Time: Wed Jan 17 22:03:41 2024  Windows 10 , 64 bit Build 19041 (10.0.19041.1706) elapsed time: 0.014937 seconds (0d 0h 0m 0s)

---------------  T H R E A D  ---------------

Current thread (0x0000000002e4f490):  JavaThread "Unknown thread" [_thread_in_vm, id=17780, stack(0x0000000002110000,0x0000000002210000)]

Stack: [0x0000000002110000,0x0000000002210000]
Native frames: (J=compiled Java code, j=interpreted, Vv=VM code, C=native code)
V  [jvm.dll+0x683b4a]
V  [jvm.dll+0x842654]
V  [jvm.dll+0x843dfe]
V  [jvm.dll+0x844463]
V  [jvm.dll+0x249b75]
V  [jvm.dll+0x680a19]
V  [jvm.dll+0x674f0a]
V  [jvm.dll+0x309acb]
V  [jvm.dll+0x310f86]
V  [jvm.dll+0x3608ee]
V  [jvm.dll+0x360b1f]
V  [jvm.dll+0x2dfbf8]
V  [jvm.dll+0x2e0b64]
V  [jvm.dll+0x813f41]
V  [jvm.dll+0x36e6a1]
V  [jvm.dll+0x7f347c]
V  [jvm.dll+0x3f0e8f]
V  [jvm.dll+0x3f29d1]
C  [jli.dll+0x526b]
C  [ucrtbase.dll+0x21bb2]
C  [KERNEL32.DLL+0x17034]
C  [ntdll.dll+0x52651]


---------------  P R O C E S S  ---------------

Threads class SMR info:
_java_thread_list=0x00007ff8249ec058, length=0, elements={
}

Java Threads: ( => current thread )

Other Threads:
  0x0000000002eb7fe0 GCTaskThread "GC Thread#0" [stack: 0x000000001ee10000,0x000000001ef10000] [id=14988]
  0x0000000002ec9950 ConcurrentGCThread "G1 Main Marker" [stack: 0x000000001ef10000,0x000000001f010000] [id=5652]
  0x0000000002eca270 ConcurrentGCThread "G1 Conc#0" [stack: 0x000000001f010000,0x000000001f110000] [id=15404]

[error occurred during error reporting (printing all threads), id 0xc0000005, EXCEPTION_ACCESS_VIOLATION (0xc0000005) at pc=0x00007ff8241a0797]

VM state: not at safepoint (not fully initialized)

VM Mutex/Monitor currently owned by a thread:  ([mutex/lock_event])
[0x0000000002e49870] Heap_lock - owner thread: 0x0000000002e4f490

Heap address: 0x0000000704e00000, size: 4018 MB, Compressed Oops mode: Zero based, Oop shift amount: 3

CDS archive(s) mapped at: [0x0000000000000000-0x0000000000000000-0x0000000000000000), size 0, SharedBaseAddress: 0x0000000800000000, ArchiveRelocationMode: 0.
Narrow klass base: 0x0000000000000000, Narrow klass shift: 0, Narrow klass range: 0x0

GC Precious Log:
<Empty>

Heap:
 garbage-first heap   total 0K, used 0K [0x0000000704e00000, 0x0000000800000000)
  region size 2048K, 0 young (0K), 0 survivors (0K)

[error occurred during error reporting (printing heap information), id 0xc0000005, EXCEPTION_ACCESS_VIOLATION (0xc0000005) at pc=0x00007ff82458d939]

GC Heap History (0 events):
No events

Dll operation events (1 events):
Event: 0.009 Loaded shared library C:\Users\ASUS\.jbr\jbr_jcef-17.0.6-windows-x64-b653.34\bin\java.dll

Deoptimization events (0 events):
No events

Classes unloaded (0 events):
No events

Classes redefined (0 events):
No events

Internal exceptions (0 events):
No events

VM Operations (0 events):
No events

Events (0 events):
No events


Dynamic libraries:
0x00007ff6a9950000 - 0x00007ff6a995a000 	C:\Users\ASUS\.jbr\jbr_jcef-17.0.6-windows-x64-b653.34\bin\java.exe
0x00007ff86fe70000 - 0x00007ff870065000 	C:\Windows\SYSTEM32\ntdll.dll
0x00007ff86ef20000 - 0x00007ff86efdd000 	C:\Windows\System32\KERNEL32.DLL
0x00007ff86d580000 - 0x00007ff86d84d000 	C:\Windows\System32\KERNELBASE.dll
0x00007ff86ddc0000 - 0x00007ff86dec0000 	C:\Windows\System32\ucrtbase.dll
0x00007ff862270000 - 0x00007ff862287000 	C:\Users\ASUS\.jbr\jbr_jcef-17.0.6-windows-x64-b653.34\bin\jli.dll
0x00007ff855440000 - 0x00007ff85545b000 	C:\Users\ASUS\.jbr\jbr_jcef-17.0.6-windows-x64-b653.34\bin\VCRUNTIME140.dll
0x00007ff86efe0000 - 0x00007ff86f180000 	C:\Windows\System32\USER32.dll
0x00007ff86d960000 - 0x00007ff86d982000 	C:\Windows\System32\win32u.dll
0x00007ff86e9b0000 - 0x00007ff86e9da000 	C:\Windows\System32\GDI32.dll
0x00007ff86d990000 - 0x00007ff86da9b000 	C:\Windows\System32\gdi32full.dll
0x00007ff86d850000 - 0x00007ff86d8ed000 	C:\Windows\System32\msvcp_win.dll
0x00007ff8558f0000 - 0x00007ff855b8a000 	C:\Windows\WinSxS\amd64_microsoft.windows.common-controls_6595b64144ccf1df_6.0.19041.1110_none_60b5254171f9507e\COMCTL32.dll
0x00007ff86ee10000 - 0x00007ff86eeae000 	C:\Windows\System32\msvcrt.dll
0x00007ff86e700000 - 0x00007ff86e730000 	C:\Windows\System32\IMM32.DLL
0x0000000067270000 - 0x000000006727d000 	C:\Program Files (x86)\360\360safe\safemon\SafeWrapper.dll
0x00007ff86f1e0000 - 0x00007ff86f28e000 	C:\Windows\System32\ADVAPI32.dll
0x00007ff86e7f0000 - 0x00007ff86e88c000 	C:\Windows\System32\sechost.dll
0x00007ff86f8f0000 - 0x00007ff86fa15000 	C:\Windows\System32\RPCRT4.dll
0x00007ff850530000 - 0x00007ff8505dc000 	C:\Program Files (x86)\360\360safe\safemon\libzdtp64.dll
0x00007ff86dfb0000 - 0x00007ff86e6f4000 	C:\Windows\System32\SHELL32.dll
0x00007ff86dec0000 - 0x00007ff86df15000 	C:\Windows\System32\SHLWAPI.dll
0x00007ff86d130000 - 0x00007ff86d13a000 	C:\Windows\SYSTEM32\VERSION.dll
0x00007ff862650000 - 0x00007ff86265c000 	C:\Users\ASUS\.jbr\jbr_jcef-17.0.6-windows-x64-b653.34\bin\vcruntime140_1.dll
0x00007ff82e180000 - 0x00007ff82e20d000 	C:\Users\ASUS\.jbr\jbr_jcef-17.0.6-windows-x64-b653.34\bin\msvcp140.dll
0x00007ff823eb0000 - 0x00007ff824b1d000 	C:\Users\ASUS\.jbr\jbr_jcef-17.0.6-windows-x64-b653.34\bin\server\jvm.dll
0x00007ff864380000 - 0x00007ff864389000 	C:\Windows\SYSTEM32\WSOCK32.dll
0x00007ff86eeb0000 - 0x00007ff86ef1b000 	C:\Windows\System32\WS2_32.dll
0x00007ff853090000 - 0x00007ff8530b7000 	C:\Windows\SYSTEM32\WINMM.dll
0x00007ff86bda0000 - 0x00007ff86bdb2000 	C:\Windows\SYSTEM32\kernel.appcore.dll
0x00007ff864370000 - 0x00007ff86437a000 	C:\Users\ASUS\.jbr\jbr_jcef-17.0.6-windows-x64-b653.34\bin\jimage.dll
0x00007ff86bad0000 - 0x00007ff86bcb4000 	C:\Windows\SYSTEM32\DBGHELP.DLL
0x00007ff852890000 - 0x00007ff8528bc000 	C:\Windows\SYSTEM32\dbgcore.DLL
0x00007ff86dd30000 - 0x00007ff86ddb2000 	C:\Windows\System32\bcryptPrimitives.dll
0x00007ff864060000 - 0x00007ff864085000 	C:\Users\ASUS\.jbr\jbr_jcef-17.0.6-windows-x64-b653.34\bin\java.dll

dbghelp: loaded successfully - version: 4.0.5 - missing functions: none
symbol engine: initialized successfully - sym options: 0x614 - pdb path: .;C:\Users\ASUS\.jbr\jbr_jcef-17.0.6-windows-x64-b653.34\bin;C:\Windows\SYSTEM32;C:\Windows\WinSxS\amd64_microsoft.windows.common-controls_6595b64144ccf1df_6.0.19041.1110_none_60b5254171f9507e;C:\Program Files (x86)\360\360safe\safemon;C:\Users\ASUS\.jbr\jbr_jcef-17.0.6-windows-x64-b653.34\bin\server

VM Arguments:
java_command: git4idea.http.GitAskPassApp Username for 'https://github.com': 
java_class_path (initial): D:/AndroidStudio/plugins/vcs-git/lib/git4idea-rt.jar;D:/AndroidStudio/lib/externalProcess-rt.jar;D:/AndroidStudio/lib/app.jar;D:/AndroidStudio/lib/3rd-party-rt.jar
Launcher Type: SUN_STANDARD

[Global flags]
     intx CICompilerCount                          = 4                                         {product} {ergonomic}
     uint ConcGCThreads                            = 2                                         {product} {ergonomic}
     uint G1ConcRefinementThreads                  = 8                                         {product} {ergonomic}
   size_t G1HeapRegionSize                         = 2097152                                   {product} {ergonomic}
    uintx GCDrainStackTargetSize                   = 64                                        {product} {ergonomic}
   size_t InitialHeapSize                          = 264241152                                 {product} {ergonomic}
   size_t MarkStackSize                            = 4194304                                   {product} {ergonomic}
   size_t MaxHeapSize                              = 4213178368                                {product} {ergonomic}
   size_t MinHeapDeltaBytes                        = 2097152                                   {product} {ergonomic}
   size_t MinHeapSize                              = 8388608                                   {product} {ergonomic}
    uintx NonNMethodCodeHeapSize                   = 5839372                                {pd product} {ergonomic}
    uintx NonProfiledCodeHeapSize                  = 122909434                              {pd product} {ergonomic}
    uintx ProfiledCodeHeapSize                     = 122909434                              {pd product} {ergonomic}
    uintx ReservedCodeCacheSize                    = 251658240                              {pd product} {ergonomic}
     bool SegmentedCodeCache                       = true                                      {product} {ergonomic}
   size_t SoftMaxHeapSize                          = 4213178368                             {manageable} {ergonomic}
     bool UseCompressedClassPointers               = true                           {product lp64_product} {ergonomic}
     bool UseCompressedOops                        = true                           {product lp64_product} {ergonomic}
     bool UseG1GC                                  = true                                      {product} {ergonomic}
     bool UseLargePagesIndividualAllocation        = false                                  {pd product} {ergonomic}

Logging:
Log output configuration:
 #0: stdout all=warning uptime,level,tags
 #1: stderr all=off uptime,level,tags

Environment Variables:
JAVA_HOME=D:\IT\Java\jdk1.8.0_301
CLASSPATH=.;D:\IT\Java\jdk1.8.0_301\lib\dt.jar;D:\IT\Java\jdk1.8.0_301\lib\tools.jar;D:\IT\Java\jdk1.8.0_301\lib\json-simple-1.1.1.jar
PATH=D:/Git/mingw64/libexec/git-core;D:/Git/mingw64/libexec/git-core;D:\Git\mingw64\bin;D:\Git\usr\bin;C:\Users\ASUS\bin;E:\VMware\bin\;D:\IT\Java\jdk1.8.0_301\bin;C:\Program Files (x86)\Common Files\Oracle\Java\javapath;C:\Windows\system32;C:\Windows;C:\Windows\System32\Wbem;C:\Windows\System32\WindowsPowerShell\v1.0\;C:\Windows\System32\OpenSSH\;C:\Program Files (x86)\NVIDIA Corporation\PhysX\Common;D:\anaconda;D:\anaconda\Scripts;D:\anaconda\Library\lib;D:\anaconda\Library\bin;D:\anaconda\Library\mingw-w64\bin;D:\MySQL\mysql-8.0.29-winx64\bin;D:\ffmpeg\bin;D:\微信开发平台\微信web开发者工具\dll;D:\Xshell\;D:\anaconda\Lib;C:\Program Files\WinRAR;C:\Program Files\MySQL\MySQL Shell 8.0\bin\;C:\Users\ASUS\AppData\Local\Microsoft\WindowsApps;D:\Microsoft VS Code\bin;C:\Users\ASUS\AppData\Local\GitHubDesktop\bin
USERNAME=ASUS
DISPLAY=:0.0
LC_ALL=en_US.UTF-8
TERM=xterm-256color
TMPDIR=E:\Temp
OS=Windows_NT
PROCESSOR_IDENTIFIER=Intel64 Family 6 Model 140 Stepping 1, GenuineIntel
TMP=E:\Temp
TEMP=E:\Temp



---------------  S Y S T E M  ---------------

OS:
 Windows 10 , 64 bit Build 19041 (10.0.19041.1706)
OS uptime: 0 days 8:58 hours

CPU: total 8 (initial active 8) (4 cores per cpu, 2 threads per core) family 6 model 140 stepping 1 microcode 0x86, cx8, cmov, fxsr, ht, mmx, 3dnowpref, sse, sse2, sse3, ssse3, sse4.1, sse4.2, popcnt, lzcnt, tsc, tscinvbit, avx, avx2, aes, erms, clmul, bmi1, bmi2, adx, avx512f, avx512dq, avx512cd, avx512bw, avx512vl, sha, fma, vzeroupper, avx512_vpopcntdq, avx512_vpclmulqdq, avx512_vaes, avx512_vnni, clflush, clflushopt, clwb, avx512_vbmi2, avx512_vbmi

Memory: 4k page, system-wide physical 16065M (1984M free)
TotalPageFile size 19065M (AvailPageFile size 30M)
current process WorkingSet (physical memory assigned to process): 12M, peak: 12M
current process commit charge ("private bytes"): 60M, peak: 312M

vm_info: OpenJDK 64-Bit Server VM (17.0.6+1-b653.34) for windows-amd64 JRE (17.0.6+1-b653.34), built on 2023-02-24 by "builduser" with MS VC++ 16.10 / 16.11 (VS2019)

END.
